e:\pg\openglproject_pg\openglproject_pg\x64\release\vc143.pdb
e:\pg\openglproject_pg\openglproject_pg\x64\release\window.obj
e:\pg\openglproject_pg\openglproject_pg\x64\release\tiny_obj_loader.obj
e:\pg\openglproject_pg\openglproject_pg\x64\release\stb_image.obj
e:\pg\openglproject_pg\openglproject_pg\x64\release\shader.obj
e:\pg\openglproject_pg\openglproject_pg\x64\release\model3d.obj
e:\pg\openglproject_pg\openglproject_pg\x64\release\mesh.obj
e:\pg\openglproject_pg\openglproject_pg\x64\release\main.obj
e:\pg\openglproject_pg\openglproject_pg\x64\release\camera.obj
e:\pg\openglproject_pg\openglproject_pg\x64\release\skybox.obj
e:\pg\openglproject_pg\x64\release\openglproject_pg.exe
e:\pg\openglproject_pg\openglproject_pg\x64\release\openglproject_pg.ipdb
e:\pg\openglproject_pg\x64\release\openglproject_pg.pdb
e:\pg\openglproject_pg\openglproject_pg\x64\release\openglproject_pg.iobj
e:\pg\openglproject_pg\openglproject_pg\x64\release\openglproject_pg.tlog\cl.command.1.tlog
e:\pg\openglproject_pg\openglproject_pg\x64\release\openglproject_pg.tlog\cl.items.tlog
e:\pg\openglproject_pg\openglproject_pg\x64\release\openglproject_pg.tlog\cl.read.1.tlog
e:\pg\openglproject_pg\openglproject_pg\x64\release\openglproject_pg.tlog\cl.write.1.tlog
e:\pg\openglproject_pg\openglproject_pg\x64\release\openglproject_pg.tlog\link.command.1.tlog
e:\pg\openglproject_pg\openglproject_pg\x64\release\openglproject_pg.tlog\link.read.1.tlog
e:\pg\openglproject_pg\openglproject_pg\x64\release\openglproject_pg.tlog\link.write.1.tlog
